<?xml version="1.0" encoding="utf-8"?><testsuites name="pytest tests"><testsuite name="pytest" errors="0" failures="0" skipped="0" tests="22" time="15.879" timestamp="2026-05-21T14:34:14.480722+00:00" hostname="agent-env-80276f30-051b-4d45-9a67-4b58a6ff6934"><testcase classname="backend.tests.backend_test.TestAuth" name="test_login_admin_success" time="5.693" /><testcase classname="backend.tests.backend_test.TestAuth" name="test_login_invalid_password" time="0.616" /><testcase classname="backend.tests.backend_test.TestAuth" name="test_login_unknown_email" time="0.085" /><testcase classname="backend.tests.backend_test.TestAuth" name="test_register_new_user" time="0.628" /><testcase classname="backend.tests.backend_test.TestAuth" name="test_register_duplicate_email" time="0.074" /><testcase classname="backend.tests.backend_test.TestProducts" name="test_get_all_products" time="0.090" /><testcase classname="backend.tests.backend_test.TestProducts" name="test_filter_by_category_footwear" time="0.075" /><testcase classname="backend.tests.backend_test.TestProducts" name="test_filter_by_brand_nike" time="0.069" /><testcase classname="backend.tests.backend_test.TestProducts" name="test_create_product_requires_auth" time="0.068" /><testcase classname="backend.tests.backend_test.TestProducts" name="test_create_product_with_auth" time="0.778" /><testcase classname="backend.tests.backend_test.TestCategoriesBrands" name="test_get_categories" time="0.068" /><testcase classname="backend.tests.backend_test.TestCategoriesBrands" name="test_get_brands" time="0.127" /><testcase classname="backend.tests.backend_test.TestPromotions" name="test_get_all_promotions" time="0.073" /><testcase classname="backend.tests.backend_test.TestPromotions" name="test_get_active_promotions" time="0.090" /><testcase classname="backend.tests.backend_test.TestPromotions" name="test_create_promotion_requires_auth" time="0.070" /><testcase classname="backend.tests.backend_test.TestPromotions" name="test_create_promotion_with_auth" time="0.138" /><testcase classname="backend.tests.backend_test.TestCart" name="test_get_cart_creates_empty" time="0.080" /><testcase classname="backend.tests.backend_test.TestCart" name="test_add_to_cart_and_remove" time="0.314" /><testcase classname="backend.tests.backend_test.TestCart" name="test_add_invalid_product" time="0.074" /><testcase classname="backend.tests.backend_test.TestCart" name="test_threshold_promotion_auto_calc" time="0.481" /><testcase classname="backend.tests.backend_test.TestAIRecommendations" name="test_recommendations_endpoint" time="4.714" /><testcase classname="backend.tests.backend_test.TestAnalytics" name="test_analytics_overview" time="0.103" /></testsuite></testsuites>